<?xml version="1.0" encoding="UTF-8"?>
<!-- Generated by org.testng.reporters.JUnitReportReporter -->
<testsuite hostname="Nachi" failures="0" tests="1" name="learning_TestNG.Fetching_Data_From_Excel" time="27.241" errors="0" timestamp="2025-06-14T12:46:58 IST" skipped="0">
  <testcase classname="learning_TestNG.Fetching_Data_From_Excel" name="registerTest" time="27.241">
    <system-out>
      <![CDATA[The Specified Email Already Exist..]]>
    </system-out>
  </testcase> <!-- registerTest -->
  <system-out>
    <![CDATA[The Specified Email Already Exist..]]>
  </system-out>
</testsuite> <!-- learning_TestNG.Fetching_Data_From_Excel -->
