<?xml version="1.0" encoding="UTF-8"?>
<!-- Generated by org.testng.reporters.JUnitReportReporter -->
<testsuite hostname="Nachi" failures="0" tests="3" name="testScripts.Address_Test" time="64.184" errors="0" timestamp="2025-03-19T17:37:42 IST" skipped="0">
  <testcase classname="testScripts.Address_Test" name="addAddress" time="17.781"/>
  <testcase classname="testScripts.Address_Test" name="updateAddress" time="16.490"/>
  <testcase classname="testScripts.Address_Test" name="removeAddress" time="29.913"/>
</testsuite> <!-- testScripts.Address_Test -->
