<?xml version="1.0" encoding="UTF-8"?>
<!-- Generated by org.testng.reporters.JUnitReportReporter -->
<testsuite hostname="Nachi" failures="0" tests="1" name="learning_TestNG.Learning_Properties_File" time="26.794" errors="0" timestamp="2025-04-02T14:14:33 IST" skipped="0">
  <testcase classname="learning_TestNG.Learning_Properties_File" name="loginToDWS" time="26.794"/>
</testsuite> <!-- learning_TestNG.Learning_Properties_File -->
