<?xml version="1.0" encoding="UTF-8"?>
<!-- Generated by org.testng.reporters.JUnitReportReporter -->
<testsuite hostname="Nachi" failures="0" tests="3" name="project_DWS.DWS_Cart" time="22.432" errors="0" timestamp="2025-04-16T19:35:38 IST" skipped="0">
  <testcase classname="project_DWS.DWS_Cart" name="addToCart" time="8.198"/>
  <testcase classname="project_DWS.DWS_Cart" name="updateCart" time="7.128"/>
  <testcase classname="project_DWS.DWS_Cart" name="removeFromCart" time="7.106"/>
</testsuite> <!-- project_DWS.DWS_Cart -->
