<?xml version="1.0" encoding="UTF-8"?>
<!-- Generated by org.testng.reporters.JUnitReportReporter -->
<testsuite hostname="Nachi" failures="0" tests="4" name="learning_TestNG.Learning_DataProvider" time="57.154" errors="0" timestamp="2025-03-27T15:34:43 IST" skipped="0">
  <testcase classname="learning_TestNG.Learning_DataProvider" name="loginToDWS" time="10.386"/>
  <testcase classname="learning_TestNG.Learning_DataProvider" name="loginToDWS" time="14.499"/>
  <testcase classname="learning_TestNG.Learning_DataProvider" name="loginToDWS" time="19.922"/>
  <testcase classname="learning_TestNG.Learning_DataProvider" name="loginToDWS" time="12.347"/>
</testsuite> <!-- learning_TestNG.Learning_DataProvider -->
