<?xml version="1.0" encoding="UTF-8"?>
<!-- Generated by org.testng.reporters.JUnitReportReporter -->
<testsuite hostname="Nachi" failures="0" tests="50" name="learning_TestNG.DataProvider_Practice" time="582.829" errors="0" timestamp="2025-03-28T17:07:51 IST" skipped="0">
  <testcase classname="learning_TestNG.DataProvider_Practice" name="searchProduct" time="9.729"/>
  <testcase classname="learning_TestNG.DataProvider_Practice" name="searchProduct" time="8.522"/>
  <testcase classname="learning_TestNG.DataProvider_Practice" name="searchProduct" time="9.615"/>
  <testcase classname="learning_TestNG.DataProvider_Practice" name="searchProduct" time="8.197"/>
  <testcase classname="learning_TestNG.DataProvider_Practice" name="searchProduct" time="8.854"/>
  <testcase classname="learning_TestNG.DataProvider_Practice" name="searchProduct" time="9.382"/>
  <testcase classname="learning_TestNG.DataProvider_Practice" name="searchProduct" time="8.865"/>
  <testcase classname="learning_TestNG.DataProvider_Practice" name="searchProduct" time="9.951"/>
  <testcase classname="learning_TestNG.DataProvider_Practice" name="searchProduct" time="10.610"/>
  <testcase classname="learning_TestNG.DataProvider_Practice" name="searchProduct" time="52.340"/>
  <testcase classname="learning_TestNG.DataProvider_Practice" name="searchProduct" time="9.595"/>
  <testcase classname="learning_TestNG.DataProvider_Practice" name="searchProduct" time="9.503"/>
  <testcase classname="learning_TestNG.DataProvider_Practice" name="searchProduct" time="8.878"/>
  <testcase classname="learning_TestNG.DataProvider_Practice" name="searchProduct" time="10.431"/>
  <testcase classname="learning_TestNG.DataProvider_Practice" name="searchProduct" time="11.294"/>
  <testcase classname="learning_TestNG.DataProvider_Practice" name="searchProduct" time="11.600"/>
  <testcase classname="learning_TestNG.DataProvider_Practice" name="searchProduct" time="11.195"/>
  <testcase classname="learning_TestNG.DataProvider_Practice" name="searchProduct" time="9.488"/>
  <testcase classname="learning_TestNG.DataProvider_Practice" name="searchProduct" time="9.698"/>
  <testcase classname="learning_TestNG.DataProvider_Practice" name="searchProduct" time="8.694"/>
  <testcase classname="learning_TestNG.DataProvider_Practice" name="searchProduct" time="10.106"/>
  <testcase classname="learning_TestNG.DataProvider_Practice" name="searchProduct" time="9.411"/>
  <testcase classname="learning_TestNG.DataProvider_Practice" name="searchProduct" time="9.433"/>
  <testcase classname="learning_TestNG.DataProvider_Practice" name="searchProduct" time="8.183"/>
  <testcase classname="learning_TestNG.DataProvider_Practice" name="searchProduct" time="10.668"/>
  <testcase classname="learning_TestNG.DataProvider_Practice" name="searchProduct" time="8.539"/>
  <testcase classname="learning_TestNG.DataProvider_Practice" name="searchProduct" time="11.480"/>
  <testcase classname="learning_TestNG.DataProvider_Practice" name="searchProduct" time="9.071"/>
  <testcase classname="learning_TestNG.DataProvider_Practice" name="searchProduct" time="8.092"/>
  <testcase classname="learning_TestNG.DataProvider_Practice" name="searchProduct" time="9.717"/>
  <testcase classname="learning_TestNG.DataProvider_Practice" name="searchProduct" time="8.966"/>
  <testcase classname="learning_TestNG.DataProvider_Practice" name="searchProduct" time="10.633"/>
  <testcase classname="learning_TestNG.DataProvider_Practice" name="searchProduct" time="9.857"/>
  <testcase classname="learning_TestNG.DataProvider_Practice" name="searchProduct" time="9.493"/>
  <testcase classname="learning_TestNG.DataProvider_Practice" name="searchProduct" time="8.998"/>
  <testcase classname="learning_TestNG.DataProvider_Practice" name="searchProduct" time="9.460"/>
  <testcase classname="learning_TestNG.DataProvider_Practice" name="searchProduct" time="9.168"/>
  <testcase classname="learning_TestNG.DataProvider_Practice" name="searchProduct" time="10.359"/>
  <testcase classname="learning_TestNG.DataProvider_Practice" name="searchProduct" time="11.503"/>
  <testcase classname="learning_TestNG.DataProvider_Practice" name="searchProduct" time="12.660"/>
  <testcase classname="learning_TestNG.DataProvider_Practice" name="searchProduct" time="11.940"/>
  <testcase classname="learning_TestNG.DataProvider_Practice" name="searchProduct" time="27.771"/>
  <testcase classname="learning_TestNG.DataProvider_Practice" name="searchProduct" time="7.632"/>
  <testcase classname="learning_TestNG.DataProvider_Practice" name="searchProduct" time="45.467"/>
  <testcase classname="learning_TestNG.DataProvider_Practice" name="searchProduct" time="8.653"/>
  <testcase classname="learning_TestNG.DataProvider_Practice" name="searchProduct" time="10.178"/>
  <testcase classname="learning_TestNG.DataProvider_Practice" name="searchProduct" time="8.786"/>
  <testcase classname="learning_TestNG.DataProvider_Practice" name="searchProduct" time="8.743"/>
  <testcase classname="learning_TestNG.DataProvider_Practice" name="searchProduct" time="12.315"/>
  <testcase classname="learning_TestNG.DataProvider_Practice" name="searchProduct" time="9.106"/>
</testsuite> <!-- learning_TestNG.DataProvider_Practice -->
