<?xml version="1.0" encoding="UTF-8"?>
<!-- Generated by org.testng.reporters.JUnitReportReporter -->
<testsuite hostname="Nachi" failures="0" tests="2" name="learning_TestNG.InvocationCount_Attribute" time="24.094" errors="0" timestamp="2025-03-18T14:32:39 IST" skipped="0">
  <testcase classname="learning_TestNG.InvocationCount_Attribute" name="loginToDWS" time="13.972">
    <system-out>
      <![CDATA[Logged in Successfully...]]>
    </system-out>
  </testcase> <!-- loginToDWS -->
  <testcase classname="learning_TestNG.InvocationCount_Attribute" name="loginToDWS" time="10.122">
    <system-out>
      <![CDATA[Logged in Successfully...]]>
    </system-out>
  </testcase> <!-- loginToDWS -->
  <system-out>
    <![CDATA[Logged in Successfully...
Logged in Successfully...]]>
  </system-out>
</testsuite> <!-- learning_TestNG.InvocationCount_Attribute -->
