<?xml version="1.0" encoding="UTF-8"?>
<!-- Generated by org.testng.reporters.JUnitReportReporter -->
<testsuite hostname="Nachi" failures="0" tests="1" name="learning_TestNG.Configuration_Annotations" time="0.015" errors="0" timestamp="2025-03-18T15:53:21 IST" skipped="0">
  <testcase classname="learning_TestNG.Configuration_Annotations" name="addToCart" time="0.015">
    <system-out>
      <![CDATA[Executing Add To Cart Test Case...]]>
    </system-out>
  </testcase> <!-- addToCart -->
  <system-out>
    <![CDATA[Executing Before Suite...
Executing Before Test...
Executing Before Class...
Executing Before Method...
Executing Add To Cart Test Case...
Executing After Method...
Executing After Class...
Executing After Test...
Executing After Suite...]]>
  </system-out>
</testsuite> <!-- learning_TestNG.Configuration_Annotations -->
