<?xml version="1.0" encoding="UTF-8"?>
<!-- Generated by org.testng.reporters.JUnitReportReporter -->
<testsuite hostname="Nachi" failures="0" tests="1" name="learning_TestNG.Hard_Assert" time="9.627" errors="0" timestamp="2025-04-18T14:51:51 IST" skipped="0">
  <testcase classname="learning_TestNG.Hard_Assert" name="loginToDws" time="9.627"/>
</testsuite> <!-- learning_TestNG.Hard_Assert -->
