<?xml version="1.0" encoding="UTF-8"?>
<!-- Generated by org.testng.reporters.JUnitReportReporter -->
<testsuite hostname="Nachi" failures="0" tests="3" name="learning_TestNG.First_TestNG_Class" time="0.021" errors="0" timestamp="2025-03-17T15:31:06 IST" skipped="0">
  <testcase classname="learning_TestNG.First_TestNG_Class" name="loginTest" time="0.002">
    <system-out>
      <![CDATA[Logged in Successfully...]]>
    </system-out>
  </testcase> <!-- loginTest -->
  <testcase classname="learning_TestNG.First_TestNG_Class" name="addToCart" time="0.016">
    <system-out>
      <![CDATA[Product Added to Cart Successfully...]]>
    </system-out>
  </testcase> <!-- addToCart -->
  <testcase classname="learning_TestNG.First_TestNG_Class" name="registerTest" time="0.003">
    <system-out>
      <![CDATA[Registered Successfully...]]>
    </system-out>
  </testcase> <!-- registerTest -->
  <system-out>
    <![CDATA[Product Added to Cart Successfully...
Logged in Successfully...
Registered Successfully...]]>
  </system-out>
</testsuite> <!-- learning_TestNG.First_TestNG_Class -->
