<?xml version="1.0" encoding="UTF-8"?>
<!-- Generated by org.testng.reporters.JUnitReportReporter -->
<testsuite hostname="Nachi" failures="0" tests="3" name="learning_TestNG.Enabled_Attribute" time="0.011" errors="0" timestamp="2025-03-14T15:44:20 IST" skipped="1">
  <testcase classname="learning_TestNG.Enabled_Attribute" name="loginTest" time="0.009">
    <system-out>
      <![CDATA[Logged in Successfully...]]>
    </system-out>
  </testcase> <!-- loginTest -->
  <testcase classname="learning_TestNG.Enabled_Attribute" name="addToCart" time="0.002">
    <system-out>
      <![CDATA[product Added to Cart Successfully...]]>
    </system-out>
  </testcase> <!-- addToCart -->
  <testcase classname="learning_TestNG.Enabled_Attribute" name="registerTest">
    <skipped/>
  </testcase> <!-- registerTest -->
  <system-out>
    <![CDATA[Logged in Successfully...
product Added to Cart Successfully...]]>
  </system-out>
</testsuite> <!-- learning_TestNG.Enabled_Attribute -->
