<?xml version="1.0" encoding="UTF-8"?>
<!-- Generated by org.testng.reporters.JUnitReportReporter -->
<testsuite hostname="Nachi" failures="0" tests="3" name="learning_TestNG.Priority_Attribute" time="0.015" errors="0" timestamp="2025-03-14T14:55:39 IST" skipped="0">
  <testcase classname="learning_TestNG.Priority_Attribute" name="registerTest" time="0.012">
    <system-out>
      <![CDATA[Registered Successfully...]]>
    </system-out>
  </testcase> <!-- registerTest -->
  <testcase classname="learning_TestNG.Priority_Attribute" name="loginTest" time="0.001">
    <system-out>
      <![CDATA[Logged in Successfully...]]>
    </system-out>
  </testcase> <!-- loginTest -->
  <testcase classname="learning_TestNG.Priority_Attribute" name="addToCart" time="0.002">
    <system-out>
      <![CDATA[Product Added To Cart Successfully...]]>
    </system-out>
  </testcase> <!-- addToCart -->
  <system-out>
    <![CDATA[Registered Successfully...
Logged in Successfully...
Product Added To Cart Successfully...]]>
  </system-out>
</testsuite> <!-- learning_TestNG.Priority_Attribute -->
