<?xml version="1.0" encoding="UTF-8"?>
<!-- Generated by org.testng.reporters.JUnitReportReporter -->
<testsuite hostname="Nachi" failures="0" tests="2" name="learning_TestNG.Invocation_Count_Attribute" time="19.085" errors="0" timestamp="2025-03-18T14:38:09 IST" skipped="0">
  <testcase classname="learning_TestNG.Invocation_Count_Attribute" name="loginToDWS" time="10.229">
    <system-out>
      <![CDATA[Logged in Successfully...]]>
    </system-out>
  </testcase> <!-- loginToDWS -->
  <testcase classname="learning_TestNG.Invocation_Count_Attribute" name="loginToDWS" time="8.856">
    <system-out>
      <![CDATA[Logged in Successfully...]]>
    </system-out>
  </testcase> <!-- loginToDWS -->
  <system-out>
    <![CDATA[Logged in Successfully...
Logged in Successfully...]]>
  </system-out>
</testsuite> <!-- learning_TestNG.Invocation_Count_Attribute -->
