<?xml version="1.0" encoding="UTF-8"?>
<!-- Generated by org.testng.reporters.JUnitReportReporter -->
<testsuite hostname="Nachi" failures="0" tests="3" name="project_DWS.DWS_WishList_Test" time="35.660" errors="0" timestamp="2025-06-21T15:50:14 IST" skipped="0">
  <testcase classname="project_DWS.DWS_WishList_Test" name="addToWishlist" time="12.081"/>
  <testcase classname="project_DWS.DWS_WishList_Test" name="updateWishlist" time="9.824"/>
  <testcase classname="project_DWS.DWS_WishList_Test" name="addToCartFromWishlist" time="13.755"/>
</testsuite> <!-- project_DWS.DWS_WishList_Test -->
