<?xml version="1.0" encoding="UTF-8"?>
<!-- Generated by org.testng.reporters.JUnitReportReporter -->
<testsuite hostname="Nachi" failures="0" tests="2" name="project_DWS.DWS_Address" time="26.903" errors="0" timestamp="2025-04-19T22:59:11 IST" skipped="0">
  <testcase classname="project_DWS.DWS_Address" name="addAddress" time="14.529"/>
  <testcase classname="project_DWS.DWS_Address" name="updateAddress" time="12.374"/>
</testsuite> <!-- project_DWS.DWS_Address -->
