<?xml version="1.0" encoding="UTF-8"?>
<!-- Generated by org.testng.reporters.JUnitReportReporter -->
<testsuite hostname="Nachi" failures="0" tests="1" name="project_DWS.DWS_WishList" time="6.270" errors="0" timestamp="2025-04-17T15:30:31 IST" skipped="0">
  <testcase classname="project_DWS.DWS_WishList" name="addToCartFromWishlist" time="6.270"/>
</testsuite> <!-- project_DWS.DWS_WishList -->
