<?xml version="1.0" encoding="UTF-8"?>
<!-- Generated by org.testng.reporters.JUnitReportReporter -->
<testsuite hostname="Nachi" failures="0" tests="5" name="learning_TestNG.Thread_Pool_Size_Attribute" time="54.464" errors="0" timestamp="2025-03-18T14:56:45 IST" skipped="0">
  <testcase classname="learning_TestNG.Thread_Pool_Size_Attribute" name="loginToDWS" time="10.253"/>
  <testcase classname="learning_TestNG.Thread_Pool_Size_Attribute" name="loginToDWS" time="10.826"/>
  <testcase classname="learning_TestNG.Thread_Pool_Size_Attribute" name="loginToDWS" time="10.065"/>
  <testcase classname="learning_TestNG.Thread_Pool_Size_Attribute" name="loginToDWS" time="13.089"/>
  <testcase classname="learning_TestNG.Thread_Pool_Size_Attribute" name="loginToDWS" time="10.231"/>
</testsuite> <!-- learning_TestNG.Thread_Pool_Size_Attribute -->
