<?xml version="1.0" encoding="UTF-8"?>
<!-- Generated by org.testng.reporters.JUnitReportReporter -->
<testsuite hostname="Nachi" failures="0" tests="3" name="testScripts.Cart_Test" time="41.896" errors="0" timestamp="2025-03-19T17:34:38 IST" skipped="0">
  <testcase classname="testScripts.Cart_Test" name="addToCart" time="15.315"/>
  <testcase classname="testScripts.Cart_Test" name="updateCart" time="13.513"/>
  <testcase classname="testScripts.Cart_Test" name="removeFromCart" time="13.068"/>
</testsuite> <!-- testScripts.Cart_Test -->
