<?xml version="1.0" encoding="UTF-8"?>
<!-- Generated by org.testng.reporters.JUnitReportReporter -->
<testsuite hostname="Nachi" failures="0" tests="1" name="learning_TestNG.Learning_Extent_Report" time="19.084" errors="0" timestamp="2025-06-21T14:41:04 IST" skipped="0">
  <testcase classname="learning_TestNG.Learning_Extent_Report" name="addToCart" time="19.084"/>
</testsuite> <!-- learning_TestNG.Learning_Extent_Report -->
